<?xml version="1.0" encoding="UTF-8"?>
<testng-results ignored="0" total="2" passed="2" failed="0" skipped="0">
  <reporter-output>
  </reporter-output>
  <suite started-at="2021-01-28T13:03:05 IST" name="Suite" finished-at="2021-01-28T13:05:05 IST" duration-ms="119421">
    <groups>
      <group name="cucumber">
        <method signature="AbstractTestNGCucumberTests.runScenario(io.cucumber.testng.PickleWrapper, io.cucumber.testng.FeatureWrapper)[pri:0, instance:cucumberOptions.TestRunner@571c5681]" name="runScenario" class="io.cucumber.testng.AbstractTestNGCucumberTests"/>
      </group> <!-- cucumber -->
    </groups>
    <test started-at="2021-01-28T13:03:05 IST" name="Validate User Login" finished-at="2021-01-28T13:05:05 IST" duration-ms="119421">
      <class name="cucumberOptions.TestRunner">
        <test-method is-config="true" signature="setUpClass()[pri:0, instance:cucumberOptions.TestRunner@571c5681]" started-at="2021-01-28T13:03:05 IST" name="setUpClass" finished-at="2021-01-28T13:03:06 IST" duration-ms="761" status="PASS">
          <reporter-output>
          </reporter-output>
        </test-method> <!-- setUpClass -->
        <test-method signature="runScenario(io.cucumber.testng.PickleWrapper, io.cucumber.testng.FeatureWrapper)[pri:0, instance:cucumberOptions.TestRunner@571c5681]" started-at="2021-01-28T13:03:06 IST" name="runScenario" description="Runs Cucumber Scenarios" data-provider="scenarios" finished-at="2021-01-28T13:04:34 IST" duration-ms="88316" status="PASS">
          <params>
            <param index="0">
              <value>
                <![CDATA["Positive test validating login"]]>
              </value>
            </param>
            <param index="1">
              <value>
                <![CDATA["Optional[Login into Application]"]]>
              </value>
            </param>
          </params>
          <reporter-output>
          </reporter-output>
        </test-method> <!-- runScenario -->
        <test-method signature="runScenario(io.cucumber.testng.PickleWrapper, io.cucumber.testng.FeatureWrapper)[pri:0, instance:cucumberOptions.TestRunner@571c5681]" started-at="2021-01-28T13:04:34 IST" name="runScenario" description="Runs Cucumber Scenarios" data-provider="scenarios" finished-at="2021-01-28T13:05:04 IST" duration-ms="30056" status="PASS">
          <params>
            <param index="0">
              <value>
                <![CDATA["Positive test validating login"]]>
              </value>
            </param>
            <param index="1">
              <value>
                <![CDATA["Optional[Login into Application]"]]>
              </value>
            </param>
          </params>
          <reporter-output>
          </reporter-output>
        </test-method> <!-- runScenario -->
        <test-method is-config="true" signature="tearDownClass()[pri:0, instance:cucumberOptions.TestRunner@571c5681]" started-at="2021-01-28T13:05:04 IST" name="tearDownClass" finished-at="2021-01-28T13:05:05 IST" duration-ms="70" status="PASS">
          <reporter-output>
          </reporter-output>
        </test-method> <!-- tearDownClass -->
      </class> <!-- cucumberOptions.TestRunner -->
    </test> <!-- Validate User Login -->
  </suite> <!-- Suite -->
</testng-results>
